<?xml version="1.0" encoding="UTF-8" ?>
<testsuite tests="1" failures="0" name="com.mkyong.common.AppTest" time="0" errors="0" skipped="0">
  <properties>
    <property name="PROCESSOR_ARCHITECTURE" value="AMD64"/>
    <property name="file.encoding.pkg" value="sun.io"/>
    <property name="LOGONSERVER" value="\\ADC-BGL1-C1-6"/>
    <property name="ProgramData" value="C:\ProgramData"/>
    <property name="java.home" value="C:\Program Files\Java\jdk1.8.0_161\jre"/>
    <property name="TITLE" value="Tomcat"/>
    <property name="NODE_NAME" value="master"/>
    <property name="JENKINS_URL" value="http://localhost:8080/jenkins/"/>
    <property name="CATALINA_HOME" value="C:\DevOps\Tomcat\apache-tomcat-8.5.28"/>
    <property name="ALLUSERSPROFILE" value="C:\ProgramData"/>
    <property name="java.endorsed.dirs" value="C:\Program Files\Java\jdk1.8.0_161\jre\lib\endorsed"/>
    <property name="PSModulePath" value="C:\Program Files\WindowsPowerShell\Modules;C:\WINDOWS\system32\WindowsPowerShell\v1.0\Modules;C:\Program Files\Arellia\Powershell\"/>
    <property name="=::" value="::\"/>
    <property name="USERDOMAIN" value="CISCO"/>
    <property name="sun.os.patch.level" value=""/>
    <property name="java.vendor.url" value="http://java.oracle.com/"/>
    <property name="JAVA_OPTS" value=" &quot;-Djdk.tls.ephemeralDHKeySize=2048&quot; -Djava.protocol.handler.pkgs=org.apache.catalina.webresources"/>
    <property name="CommonProgramFiles(x86)" value="C:\Program Files (x86)\Common Files"/>
    <property name="java.version" value="1.8.0_161"/>
    <property name="JOB_NAME" value="CrazyMaven"/>
    <property name="COMPUTERNAME" value="RACHBHAR-3GJ4L"/>
    <property name="EXECUTABLE" value="C:\DevOps\Tomcat\apache-tomcat-8.5.28\bin\catalina.bat"/>
    <property name="java.vendor.url.bug" value="http://bugreport.sun.com/bugreport/"/>
    <property name="PUBLIC" value="C:\Users\Public"/>
    <property name="user.name" value="rachbhar"/>
    <property name="sun.io.unicode.encoding" value="UnicodeLittle"/>
    <property name="sun.jnu.encoding" value="Cp1252"/>
    <property name="java.runtime.name" value="Java(TM) SE Runtime Environment"/>
    <property name="windir" value="C:\WINDOWS"/>
    <property name="PROCESSOR_IDENTIFIER" value="Intel64 Family 6 Model 69 Stepping 1, GenuineIntel"/>
    <property name="java.specification.name" value="Java Platform API Specification"/>
    <property name="LOCALAPPDATA" value="C:\Users\rachbhar\AppData\Local"/>
    <property name="RUN_CHANGES_DISPLAY_URL" value="http://localhost:8080/jenkins/job/CrazyMaven/420/display/redirect?page=changes"/>
    <property name="user.timezone" value="Asia/Calcutta"/>
    <property name="user.script" value=""/>
    <property name="path.separator" value=";"/>
    <property name="NUMBER_OF_PROCESSORS" value="4"/>
    <property name="BUILD_TAG" value="jenkins-CrazyMaven-420"/>
    <property name="file.encoding" value="Cp1252"/>
    <property name="sun.java.command" value="jenkins.maven3.agent.Maven35Main C:\DevOps\Maven\apache-maven-3.5.2 C:\DevOps\Tomcat\apache-tomcat-8.5.28\webapps\jenkins\WEB-INF\lib\remoting-3.17.jar C:\Users\rachbhar\.jenkins\plugins\maven-plugin\WEB-INF\lib\maven35-interceptor-1.12-alpha-1.jar C:\Users\rachbhar\.jenkins\plugins\maven-plugin\WEB-INF\lib\maven3-interceptor-commons-1.12-alpha-1.jar 62324"/>
    <property name="HUDSON_URL" value="http://localhost:8080/jenkins/"/>
    <property name="JENKINS_SERVER_COOKIE" value="d510e51c91ce0371"/>
    <property name="EXECUTOR_NUMBER" value="0"/>
    <property name="Path" value="C:\Program Files\Java\jdk1.8.0_161/bin;C:\ProgramData\Oracle\Java\javapath;C:\WINDOWS\system32;C:\WINDOWS;C:\WINDOWS\System32\Wbem;C:\WINDOWS\System32\WindowsPowerShell\v1.0\;C:\Program Files (x86)\Sennheiser\SoftphoneSDK\;C:\Program Files (x86)\WebEx\Productivity Tools;C:\Program Files\Java\jdk1.8.0_161\bin;C:\DevOps\Maven\apache-maven-3.5.2\bin;C:\Program Files\TortoiseSVN\bin;C:\Program Files (x86)\SSH Communications Security\SSH Tectia\SSH Tectia AUX;C:\Program Files (x86)\SSH Communications Security\SSH Tectia\SSH Tectia AUX/Support binaries;C:\Program Files (x86)\SSH Communications Security\SSH Tectia\SSH Tectia Broker;C:\Program Files (x86)\SSH Communications Security\SSH Tectia\SSH Tectia Client;C:\Users\rachbhar\AppData\Local\Microsoft\WindowsApps;C:\Users\rachbhar\AppData\Local\Programs\Git\cmd"/>
    <property name="java.io.tmpdir" value="C:\Users\rachbhar\AppData\Local\Temp\"/>
    <property name="APPDATA" value="C:\Users\rachbhar\AppData\Roaming"/>
    <property name="DEFLOGDIR" value="C:\ProgramData\McAfee\Endpoint Security\Logs"/>
    <property name="user.language" value="en"/>
    <property name="CATALINA_TMPDIR" value="C:\DevOps\Tomcat\apache-tomcat-8.5.28\temp"/>
    <property name="line.separator" value="
"/>
    <property name="BUILD_URL" value="http://localhost:8080/jenkins/job/CrazyMaven/420/"/>
    <property name="ACTION" value="start"/>
    <property name="M2_HOME" value="C:\DevOps\Maven\apache-maven-3.5.2"/>
    <property name="=C:" value="C:\DevOps\Tomcat\apache-tomcat-8.5.28\bin"/>
    <property name="java.vm.info" value="mixed mode"/>
    <property name="sun.desktop" value="windows"/>
    <property name="java.vm.specification.name" value="Java Virtual Machine Specification"/>
    <property name="BUILD_DISPLAY_NAME" value="#420"/>
    <property name="OS" value="Windows_NT"/>
    <property name="guice.disable.misplaced.annotation.check" value="true"/>
    <property name="CATALINA_BASE" value="C:\DevOps\Tomcat\apache-tomcat-8.5.28"/>
    <property name="HUDSON_SERVER_COOKIE" value="d510e51c91ce0371"/>
    <property name="JRE_HOME" value="C:\Program Files\Java\jdk1.8.0_161"/>
    <property name="_EXECJAVA" value="start &quot;Tomcat&quot; &quot;C:\Program Files\Java\jdk1.8.0_161\bin\java.exe&quot;"/>
    <property name="_RUNJAVA" value="&quot;C:\Program Files\Java\jdk1.8.0_161\bin\java.exe&quot;"/>
    <property name="MAVEN_HOME" value="C:\DevOps\Maven\apache-maven-3.5.2"/>
    <property name="SESSIONNAME" value="Console"/>
    <property name="PATHEXT" value=".COM;.EXE;.BAT;.CMD;.VBS;.VBE;.JS;.JSE;.WSF;.WSH;.MSC"/>
    <property name="java.awt.printerjob" value="sun.awt.windows.WPrinterJob"/>
    <property name="maven3.interceptor.common" value="C:\Users\rachbhar\.jenkins\plugins\maven-plugin\WEB-INF\lib\maven3-interceptor-commons-1.12-alpha-1.jar"/>
    <property name="CLASSPATH" value=""/>
    <property name="LOGGING_CONFIG" value="-Djava.util.logging.config.file=&quot;C:\DevOps\Tomcat\apache-tomcat-8.5.28\conf\logging.properties&quot;"/>
    <property name="MVN_HOME" value="C:\DevOps\Maven\apache-maven-3.5.2"/>
    <property name="HOMEPATH" value="\Users\rachbhar"/>
    <property name="os.name" value="Windows 10"/>
    <property name="java.specification.vendor" value="Oracle Corporation"/>
    <property name="java.vm.name" value="Java HotSpot(TM) 64-Bit Server VM"/>
    <property name="BUILD_NUMBER" value="420"/>
    <property name="maven3.interceptor" value="C:\Users\rachbhar\.jenkins\plugins\maven-plugin\WEB-INF\lib\maven35-interceptor-1.12-alpha-1.jar"/>
    <property name="java.library.path" value="C:\Program Files\Java\jdk1.8.0_161\bin;C:\WINDOWS\Sun\Java\bin;C:\WINDOWS\system32;C:\WINDOWS;C:\DevOps\Maven\apache-maven-3.5.2/bin;C:\Program Files\Java\jdk1.8.0_161/bin;C:\Program Files\Java\jdk1.8.0_161/bin;C:\ProgramData\Oracle\Java\javapath;C:\WINDOWS\system32;C:\WINDOWS;C:\WINDOWS\System32\Wbem;C:\WINDOWS\System32\WindowsPowerShell\v1.0\;C:\Program Files (x86)\Sennheiser\SoftphoneSDK\;C:\Program Files (x86)\WebEx\Productivity Tools;C:\Program Files\Java\jdk1.8.0_161\bin;C:\DevOps\Maven\apache-maven-3.5.2\bin;C:\Program Files\TortoiseSVN\bin;C:\Program Files (x86)\SSH Communications Security\SSH Tectia\SSH Tectia AUX;C:\Program Files (x86)\SSH Communications Security\SSH Tectia\SSH Tectia AUX/Support binaries;C:\Program Files (x86)\SSH Communications Security\SSH Tectia\SSH Tectia Broker;C:\Program Files (x86)\SSH Communications Security\SSH Tectia\SSH Tectia Client;C:\Users\rachbhar\AppData\Local\Microsoft\WindowsApps;C:\Users\rachbhar\AppData\Local\Programs\Git\cmd;."/>
    <property name="HOMEDRIVE" value="C:"/>
    <property name="POM_GROUPID" value="com.mkyong.common"/>
    <property name="POM_ARTIFACTID" value="SpringExample"/>
    <property name="java.class.version" value="52.0"/>
    <property name="JSSE_OPTS" value="&quot;-Djdk.tls.ephemeralDHKeySize=2048&quot;"/>
    <property name="LOGGING_MANAGER" value="-Djava.util.logging.manager=org.apache.juli.ClassLoaderLogManager"/>
    <property name="_RUNJDB" value="&quot;C:\Program Files\Java\jdk1.8.0_161\bin\jdb.exe&quot;"/>
    <property name="JOB_URL" value="http://localhost:8080/jenkins/job/CrazyMaven/"/>
    <property name="ARTIFACTORY_HOME" value="C:\DevOps\Artifact Repo\Jfrog\artifactory-oss-5.9.1"/>
    <property name="OneDrive" value="C:\Users\rachbhar\OneDrive"/>
    <property name="RUN_DISPLAY_URL" value="http://localhost:8080/jenkins/job/CrazyMaven/420/display/redirect"/>
    <property name="MAINCLASS" value="org.apache.catalina.startup.Bootstrap"/>
    <property name="JENKINS_HOME" value="C:\Users\rachbhar\.jenkins"/>
    <property name="BUILD_ID" value="420"/>
    <property name="TEMP" value="C:\Users\rachbhar\AppData\Local\Temp"/>
    <property name="sun.boot.library.path" value="C:\Program Files\Java\jdk1.8.0_161\jre\bin"/>
    <property name="JDK_JAVA_OPTIONS" value=" --add-opens=java.base/java.lang=ALL-UNNAMED --add-opens=java.rmi/sun.rmi.transport=ALL-UNNAMED"/>
    <property name="sun.management.compiler" value="HotSpot 64-Bit Tiered Compilers"/>
    <property name="java.awt.graphicsenv" value="sun.awt.Win32GraphicsEnvironment"/>
    <property name="user.variant" value=""/>
    <property name="PROCESSOR_REVISION" value="4501"/>
    <property name="POM_VERSION" value="1.0-SNAPSHOT"/>
    <property name="HUDSON_HOME" value="C:\Users\rachbhar\.jenkins"/>
    <property name="ProgramFiles(x86)" value="C:\Program Files (x86)"/>
    <property name="PATH+MAVEN" value="C:\DevOps\Maven\apache-maven-3.5.2/bin"/>
    <property name="USERDOMAIN_ROAMINGPROFILE" value="CISCO"/>
    <property name="PROMPT" value="$P$G"/>
    <property name="CURRENT_DIR" value="C:\DevOps\Tomcat\apache-tomcat-8.5.28\bin"/>
    <property name="java.vm.specification.version" value="1.8"/>
    <property name="JAVA_HOME" value="C:\Program Files\Java\jdk1.8.0_161"/>
    <property name="awt.toolkit" value="sun.awt.windows.WToolkit"/>
    <property name="NODE_LABELS" value="master"/>
    <property name="sun.cpu.isalist" value="amd64"/>
    <property name="USERPROFILE" value="C:\Users\rachbhar"/>
    <property name="JOB_DISPLAY_URL" value="http://localhost:8080/jenkins/job/CrazyMaven/display/redirect"/>
    <property name="java.ext.dirs" value="C:\Program Files\Java\jdk1.8.0_161\jre\lib\ext;C:\WINDOWS\Sun\Java\lib\ext"/>
    <property name="os.version" value="10.0"/>
    <property name="user.home" value="C:\Users\rachbhar"/>
    <property name="USERNAME" value="rachbhar"/>
    <property name="java.vm.vendor" value="Oracle Corporation"/>
    <property name="PROCESSOR_LEVEL" value="6"/>
    <property name="USERDNSDOMAIN" value="CISCO.COM"/>
    <property name="CommonProgramW6432" value="C:\Program Files\Common Files"/>
    <property name="user.dir" value="C:\Users\rachbhar\Desktop\crazy"/>
    <property name="maven.conf" value="C:\DevOps\Maven\apache-maven-3.5.2\conf"/>
    <property name="ProgramW6432" value="C:\Program Files"/>
    <property name="TMP" value="C:\Users\rachbhar\AppData\Local\Temp"/>
    <property name="UATDATA" value="C:\WINDOWS\CCM\UATData\D9F8C395-CAB8-491d-B8AC-179A1FE1BE77"/>
    <property name="sun.cpu.endian" value="little"/>
    <property name="SystemDrive" value="C:"/>
    <property name="java.vm.version" value="25.161-b12"/>
    <property name="java.class.path" value="C:\Users\rachbhar\.jenkins\plugins\maven-plugin\WEB-INF\lib\maven35-agent-1.12-alpha-1.jar;C:\DevOps\Maven\apache-maven-3.5.2\boot\plexus-classworlds-2.5.2.jar;C:\DevOps\Maven\apache-maven-3.5.2/conf/logging"/>
    <property name="org.slf4j.simpleLogger.defaultLogLevel" value="info"/>
    <property name="os.arch" value="amd64"/>
    <property name="WORKSPACE" value="C:\Users\rachbhar\.jenkins\workspace\CrazyMaven"/>
    <property name="ComSpec" value="C:\WINDOWS\system32\cmd.exe"/>
    <property name="sun.java.launcher" value="SUN_STANDARD"/>
    <property name="FPS_BROWSER_APP_PROFILE_STRING" value="Internet Explorer"/>
    <property name="SystemRoot" value="C:\WINDOWS"/>
    <property name="CommonProgramFiles" value="C:\Program Files\Common Files"/>
    <property name="java.vm.specification.vendor" value="Oracle Corporation"/>
    <property name="FPS_BROWSER_USER_PROFILE_STRING" value="Default"/>
    <property name="file.separator" value="\"/>
    <property name="java.runtime.version" value="1.8.0_161-b12"/>
    <property name="sun.boot.class.path" value="C:\Program Files\Java\jdk1.8.0_161\jre\lib\resources.jar;C:\Program Files\Java\jdk1.8.0_161\jre\lib\rt.jar;C:\Program Files\Java\jdk1.8.0_161\jre\lib\sunrsasign.jar;C:\Program Files\Java\jdk1.8.0_161\jre\lib\jsse.jar;C:\Program Files\Java\jdk1.8.0_161\jre\lib\jce.jar;C:\Program Files\Java\jdk1.8.0_161\jre\lib\charsets.jar;C:\Program Files\Java\jdk1.8.0_161\jre\lib\jfr.jar;C:\Program Files\Java\jdk1.8.0_161\jre\classes"/>
    <property name="ProgramFiles" value="C:\Program Files"/>
    <property name="PATH+JDK" value="C:\Program Files\Java\jdk1.8.0_161/bin"/>
    <property name="user.country" value="IN"/>
    <property name="POM_PACKAGING" value="jar"/>
    <property name="maven.home" value="C:\DevOps\Maven\apache-maven-3.5.2"/>
    <property name="ENDORSED_PROP" value="ignore.endorsed.dirs"/>
    <property name="JOB_BASE_NAME" value="CrazyMaven"/>
    <property name="java.vendor" value="Oracle Corporation"/>
    <property name="POM_DISPLAYNAME" value="SpringExample"/>
    <property name="java.specification.version" value="1.8"/>
    <property name="sun.arch.data.model" value="64"/>
  </properties>
  <testcase classname="com.mkyong.common.AppTest" name="testApp" time="0"/>
</testsuite>